================================================================================
PINN with Gradient Surgery and Symmetry Enforcement (PyTorch)
================================================================================

Problem: Anisotropic diffusion on oval (elliptical) domain
A = diag(2.0, 0.5)
Ellipse semiaxes: a=2.0, b=1.0
Exact solution: v(x,y) = sqrt((x/a)^2 + (y/b)^2)
Backend: PyTorch 1.10.0 on cpu

================================================================================
EXPERIMENT: Impact of Gradient Surgery (Fair Comparison)
================================================================================
Seed: 42
Epochs: 8, LR: 0.001

================================================================================
Training: WITHOUT Gradient Surgery
================================================================================

Training data:
  Interior: 400
  Boundary: 100
  Symmetry: 50
Epoch 1/8 | Total: 23.4343 | PDE: 22.1875 | BC: 1.1127 | Sym: 0.1341 | Conflicts: 2 | Time: 0.0s
Epoch 2/8 | Total: 12.6874 | PDE: 11.2970 | BC: 1.1720 | Sym: 0.2181 | Conflicts: 4 | Time: 0.1s
Epoch 3/8 | Total: 9.4519 | PDE: 8.0617 | BC: 1.1752 | Sym: 0.2139 | Conflicts: 1 | Time: 0.1s
Epoch 4/8 | Total: 7.8216 | PDE: 6.4706 | BC: 1.1622 | Sym: 0.1870 | Conflicts: 1 | Time: 0.1s
Epoch 5/8 | Total: 6.8137 | PDE: 5.5051 | BC: 1.1468 | Sym: 0.1593 | Conflicts: 1 | Time: 0.1s
Epoch 6/8 | Total: 6.1251 | PDE: 4.8534 | BC: 1.1327 | Sym: 0.1360 | Conflicts: 1 | Time: 0.1s
Epoch 7/8 | Total: 5.6242 | PDE: 4.3828 | BC: 1.1206 | Sym: 0.1174 | Conflicts: 1 | Time: 0.1s
Epoch 8/8 | Total: 5.2436 | PDE: 4.0267 | BC: 1.1104 | Sym: 0.1027 | Conflicts: 1 | Time: 0.1s

Training completed in 0.1s

================================================================================
Evaluation: Baseline
================================================================================
L2 error: 7.207656e-01
Max error: 1.494598e+00

================================================================================
Training: WITH Gradient Surgery
================================================================================

Training data:
  Interior: 400
  Boundary: 100
  Symmetry: 50
Epoch 1/8 | Total: 23.4343 | PDE: 22.1875 | BC: 1.1127 | Sym: 0.1341 | Conflicts: 2 | Time: 0.0s
Epoch 2/8 | Total: 12.7538 | PDE: 11.5386 | BC: 1.0837 | Sym: 0.1315 | Conflicts: 4 | Time: 0.0s
Epoch 3/8 | Total: 8.9764 | PDE: 7.7800 | BC: 1.0706 | Sym: 0.1257 | Conflicts: 4 | Time: 0.0s
Epoch 4/8 | Total: 7.2893 | PDE: 6.1050 | BC: 1.0649 | Sym: 0.1194 | Conflicts: 2 | Time: 0.0s
Epoch 5/8 | Total: 6.3966 | PDE: 5.2367 | BC: 1.0520 | Sym: 0.1079 | Conflicts: 1 | Time: 0.0s
Epoch 6/8 | Total: 5.8174 | PDE: 4.6827 | BC: 1.0392 | Sym: 0.0955 | Conflicts: 1 | Time: 0.0s
Epoch 7/8 | Total: 5.3981 | PDE: 4.2875 | BC: 1.0266 | Sym: 0.0840 | Conflicts: 2 | Time: 0.1s
Epoch 8/8 | Total: 5.0578 | PDE: 3.9608 | BC: 1.0225 | Sym: 0.0744 | Conflicts: 2 | Time: 0.1s

Training completed in 0.1s

================================================================================
Evaluation: With Gradient Surgery
================================================================================
L2 error: 6.771575e-01
Max error: 1.423916e+00

Method                   L2 Error         Max Error       
----------------------------------------------------------
Baseline                 7.207656e-01     1.494598e+00    
Gradient Surgery         6.771575e-01     1.423916e+00    
Improvement              6.050           %
Saved visualization: /Users/wsun/Documents/Softwares/Mapped_sphere_method_for_complex_geometry/runs/oval_smoke_20260212_172212/pinn_gradient_surgery_results.png
