================================================================================
PINN with Gradient Surgery and Symmetry Enforcement
================================================================================

Problem: Anisotropic diffusion on unit disk
A = diag(2.0, 0.5)
Exact solution: v(x,y) = sqrt(x^2 + y^2)

================================================================================
EXPERIMENT: Impact of Gradient Surgery (Fair Comparison)
================================================================================
Seed: 42
Epochs: 2000, LR: 0.001

================================================================================
Training: WITHOUT Gradient Surgery
================================================================================

Training data:
  Interior: 400
  Boundary: 100
  Symmetry: 50
Epoch 400/2000 | Total: 2.4847 | PDE: 1.8736 | BC: 0.5418 | Sym: 0.0305 | Conflicts: 4 | Time: 4.0s
Epoch 800/2000 | Total: 0.9866 | PDE: 0.7157 | BC: 0.2484 | Sym: 0.0166 | Conflicts: 4 | Time: 8.0s
Epoch 1200/2000 | Total: 0.5558 | PDE: 0.4235 | BC: 0.1210 | Sym: 0.0107 | Conflicts: 3 | Time: 12.0s
Epoch 1600/2000 | Total: 0.4043 | PDE: 0.3171 | BC: 0.0741 | Sym: 0.0078 | Conflicts: 3 | Time: 16.0s
Epoch 2000/2000 | Total: 0.3373 | PDE: 0.2678 | BC: 0.0544 | Sym: 0.0062 | Conflicts: 4 | Time: 20.0s

✓ Training completed in 20.0s

================================================================================
Evaluation: Baseline
================================================================================
L² error: 1.417738e-01
Max error: 3.969974e-01

================================================================================
Training: WITH Gradient Surgery
================================================================================

Training data:
  Interior: 400
  Boundary: 100
  Symmetry: 50
Epoch 400/2000 | Total: 1.8309 | PDE: 1.6276 | BC: 0.1978 | Sym: 0.0055 | Conflicts: 3 | Time: 4.0s
Epoch 800/2000 | Total: 0.6507 | PDE: 0.5587 | BC: 0.0892 | Sym: 0.0028 | Conflicts: 3 | Time: 8.0s
Epoch 1200/2000 | Total: 0.4141 | PDE: 0.3524 | BC: 0.0603 | Sym: 0.0013 | Conflicts: 4 | Time: 11.9s
Epoch 1600/2000 | Total: 0.3414 | PDE: 0.2927 | BC: 0.0480 | Sym: 0.0006 | Conflicts: 4 | Time: 16.0s
Epoch 2000/2000 | Total: 0.3054 | PDE: 0.2629 | BC: 0.0422 | Sym: 0.0004 | Conflicts: 4 | Time: 20.1s

✓ Training completed in 20.1s

================================================================================
Evaluation: With Gradient Surgery
================================================================================
L² error: 1.676145e-01
Max error: 2.627938e-01

Method                   L2 Error         Max Error       
----------------------------------------------------------
Baseline                 1.417738e-01     3.969974e-01    
Gradient Surgery         1.676145e-01     2.627938e-01    
Improvement              -18.227         %
Saved visualization: /Users/wsun/Documents/Softwares/Mapped_sphere_method_for_complex_geometry/runs/20260212_171127/pinn_gradient_surgery_results.png
