================================================================================
PINN with Gradient Surgery and Symmetry Enforcement (PyTorch)
================================================================================

Problem: Anisotropic diffusion on unit disk
A = diag(2.0, 0.5)
Exact solution: v(x,y) = sqrt(x^2 + y^2)
Backend: PyTorch 1.10.0 on cpu

================================================================================
EXPERIMENT: Impact of Gradient Surgery (Fair Comparison)
================================================================================
Seed: 42
Epochs: 5, LR: 0.001

================================================================================
Training: WITHOUT Gradient Surgery
================================================================================

Training data:
  Interior: 400
  Boundary: 100
  Symmetry: 50
Epoch 1/5 | Total: 47.1744 | PDE: 46.0263 | BC: 1.0727 | Sym: 0.0754 | Conflicts: 2 | Time: 0.0s
Epoch 2/5 | Total: 19.8276 | PDE: 18.3894 | BC: 1.2166 | Sym: 0.2148 | Conflicts: 2 | Time: 0.0s
Epoch 3/5 | Total: 14.6480 | PDE: 13.3869 | BC: 1.1529 | Sym: 0.0936 | Conflicts: 3 | Time: 0.0s
Epoch 4/5 | Total: 12.4532 | PDE: 11.1955 | BC: 1.1568 | Sym: 0.0777 | Conflicts: 2 | Time: 0.0s
Epoch 5/5 | Total: 11.1216 | PDE: 9.8760 | BC: 1.1543 | Sym: 0.0611 | Conflicts: 2 | Time: 0.0s

Training completed in 0.0s

================================================================================
Evaluation: Baseline
================================================================================
L2 error: 7.572499e-01
Max error: 1.397745e+00

================================================================================
Training: WITH Gradient Surgery
================================================================================

Training data:
  Interior: 400
  Boundary: 100
  Symmetry: 50
Epoch 1/5 | Total: 47.1744 | PDE: 46.0263 | BC: 1.0727 | Sym: 0.0754 | Conflicts: 2 | Time: 0.0s
Epoch 2/5 | Total: 17.1201 | PDE: 15.9588 | BC: 1.0573 | Sym: 0.1038 | Conflicts: 3 | Time: 0.0s
Epoch 3/5 | Total: 14.3669 | PDE: 13.2811 | BC: 1.0153 | Sym: 0.0703 | Conflicts: 2 | Time: 0.0s
Epoch 4/5 | Total: 12.6280 | PDE: 11.5935 | BC: 0.9823 | Sym: 0.0521 | Conflicts: 2 | Time: 0.0s
Epoch 5/5 | Total: 11.4636 | PDE: 10.4669 | BC: 0.9555 | Sym: 0.0412 | Conflicts: 2 | Time: 0.0s

Training completed in 0.0s

================================================================================
Evaluation: With Gradient Surgery
================================================================================
L2 error: 6.412057e-01
Max error: 1.248492e+00

Method                   L2 Error         Max Error       
----------------------------------------------------------
Baseline                 7.572499e-01     1.397745e+00    
Gradient Surgery         6.412057e-01     1.248492e+00    
Improvement              15.324          %
Saved visualization: /Users/wsun/Documents/Softwares/Mapped_sphere_method_for_complex_geometry/runs/torch_smoke_20260212_171810/pinn_gradient_surgery_results.png
